[2026-03-21T00:33:01.826Z] 🔧 Fixing site...
[2026-03-21T00:33:06.131Z] ❌ Site fix failed
[2026-03-21T00:33:06.570Z] 🔧 Restarted genplatform-app
[2026-03-21T00:33:06.578Z] 📊 Queue: 255/255 done, 0 approved, 0 executing
[2026-03-21T00:33:06.579Z] ✅ System idle - no work pending
[2026-03-21T00:33:06.689Z] Done. Issues: 3, Fixes: 1
[2026-03-21T00:34:01.761Z] --- Watchdog run ---
[2026-03-21T00:34:01.780Z] ❌ Site is DOWN - attempting fix...
[2026-03-21T00:34:01.781Z] 🔧 Fixing site...
[2026-03-21T00:34:38.556Z] ❌ Site fix failed
[2026-03-21T00:34:38.939Z] 🔧 Restarted genplatform-app
[2026-03-21T00:34:38.944Z] 📊 Queue: 255/255 done, 0 approved, 0 executing
[2026-03-21T00:34:38.945Z] ✅ System idle - no work pending
[2026-03-21T00:34:39.060Z] Done. Issues: 3, Fixes: 1
[2026-03-21T00:35:01.122Z] --- Watchdog run ---
[2026-03-21T00:35:01.146Z] ❌ Site is DOWN - attempting fix...
[2026-03-21T00:35:01.147Z] 🔧 Fixing site...
[2026-03-21T00:35:28.468Z] ✅ Site restored from git and restarted
[2026-03-21T00:35:28.612Z] ✅ pm2 online
[2026-03-21T00:35:28.617Z] 📊 Queue: 255/255 done, 0 approved, 0 executing
[2026-03-21T00:35:28.617Z] ✅ System idle - no work pending
[2026-03-21T00:35:28.720Z] Done. Issues: 1, Fixes: 1
[2026-03-21T00:36:01.768Z] --- Watchdog run ---
[2026-03-21T00:36:01.786Z] ❌ Site is DOWN - attempting fix...
[2026-03-21T00:36:01.786Z] 🔧 Fixing site...
[2026-03-21T00:36:36.317Z] ❌ Site fix failed
[2026-03-21T00:36:36.765Z] 🔧 Restarted genplatform-app
[2026-03-21T00:36:36.775Z] 📊 Queue: 255/255 done, 0 approved, 0 executing
[2026-03-21T00:36:36.776Z] ✅ System idle - no work pending
[2026-03-21T00:36:36.885Z] Done. Issues: 3, Fixes: 1
[2026-03-21T00:37:01.947Z] --- Watchdog run ---
[2026-03-21T00:37:01.972Z] ❌ Site is DOWN - attempting fix...
[2026-03-21T00:37:01.973Z] 🔧 Fixing site...
[2026-03-21T00:37:06.172Z] ❌ Site fix failed
[2026-03-21T00:37:06.496Z] 🔧 Restarted genplatform-app
[2026-03-21T00:37:06.504Z] 📊 Queue: 255/255 done, 0 approved, 0 executing
[2026-03-21T00:37:06.504Z] ✅ System idle - no work pending
[2026-03-21T00:37:06.600Z] Done. Issues: 3, Fixes: 1
[2026-03-21T00:38:01.654Z] --- Watchdog run ---
[2026-03-21T00:38:01.677Z] ✅ Site up
[2026-03-21T00:38:01.852Z] ✅ pm2 online
[2026-03-21T00:38:01.862Z] 📊 Queue: 255/255 done, 0 approved, 0 executing
[2026-03-21T00:38:01.862Z] ✅ System idle - no work pending
[2026-03-21T00:38:01.869Z] Done. Issues: 0, Fixes: 0
[2026-03-21T00:39:01.734Z] --- Watchdog run ---
[2026-03-21T00:39:01.759Z] ✅ Site up
[2026-03-21T00:39:01.996Z] ✅ pm2 online
[2026-03-21T00:39:02.009Z] 📊 Queue: 255/255 done, 0 approved, 0 executing
[2026-03-21T00:39:02.009Z] ✅ System idle - no work pending
[2026-03-21T00:39:02.015Z] Done. Issues: 0, Fixes: 0
[2026-03-21T00:40:01.862Z] --- Watchdog run ---
[2026-03-21T00:40:01.905Z] ✅ Site up
[2026-03-21T00:40:02.142Z] ✅ pm2 online
[2026-03-21T00:40:02.164Z] 📊 Queue: 255/255 done, 0 approved, 0 executing
[2026-03-21T00:40:02.164Z] ✅ System idle - no work pending
[2026-03-21T00:40:02.172Z] Done. Issues: 0, Fixes: 0
[2026-03-21T00:41:01.980Z] --- Watchdog run ---
[2026-03-21T00:41:02.019Z] ✅ Site up
[2026-03-21T00:41:02.248Z] ✅ pm2 online
[2026-03-21T00:41:02.254Z] 📊 Queue: 255/255 done, 0 approved, 0 executing
[2026-03-21T00:41:02.255Z] ✅ System idle - no work pending
[2026-03-21T00:41:02.260Z] Done. Issues: 0, Fixes: 0
[2026-03-21T00:42:01.073Z] --- Watchdog run ---
[2026-03-21T00:42:01.095Z] ✅ Site up
[2026-03-21T00:42:01.314Z] ✅ pm2 online
[2026-03-21T00:42:01.322Z] 📊 Queue: 255/255 done, 0 approved, 0 executing
[2026-03-21T00:42:01.322Z] ✅ System idle - no work pending
[2026-03-21T00:42:01.337Z] Done. Issues: 0, Fixes: 0
[2026-03-21T00:43:01.136Z] --- Watchdog run ---
[2026-03-21T00:43:01.152Z] ✅ Site up
[2026-03-21T00:43:01.296Z] ✅ pm2 online
[2026-03-21T00:43:01.303Z] 📊 Queue: 255/255 done, 0 approved, 0 executing
[2026-03-21T00:43:01.304Z] ✅ System idle - no work pending
[2026-03-21T00:43:01.402Z] Done. Issues: 0, Fixes: 0
[2026-03-21T00:44:01.204Z] --- Watchdog run ---
[2026-03-21T00:44:01.222Z] ✅ Site up
[2026-03-21T00:44:01.410Z] ✅ pm2 online
[2026-03-21T00:44:01.417Z] 📊 Queue: 255/255 done, 0 approved, 0 executing
[2026-03-21T00:44:01.418Z] ✅ System idle - no work pending
[2026-03-21T00:44:01.424Z] Done. Issues: 0, Fixes: 0
[2026-03-21T00:45:01.273Z] --- Watchdog run ---
[2026-03-21T00:45:01.300Z] ✅ Site up
[2026-03-21T00:45:01.498Z] ✅ pm2 online
[2026-03-21T00:45:01.514Z] 📊 Queue: 255/255 done, 0 approved, 0 executing
[2026-03-21T00:45:01.514Z] ✅ System idle - no work pending
[2026-03-21T00:45:01.523Z] Done. Issues: 0, Fixes: 0
[2026-03-21T00:46:01.362Z] --- Watchdog run ---
[2026-03-21T00:46:01.383Z] ✅ Site up
[2026-03-21T00:46:01.583Z] ✅ pm2 online
[2026-03-21T00:46:01.595Z] 📊 Queue: 255/255 done, 0 approved, 0 executing
[2026-03-21T00:46:01.595Z] ✅ System idle - no work pending
[2026-03-21T00:46:01.603Z] Done. Issues: 0, Fixes: 0
[2026-03-21T00:47:01.430Z] --- Watchdog run ---
[2026-03-21T00:47:01.454Z] ✅ Site up
[2026-03-21T00:47:01.637Z] ✅ pm2 online
[2026-03-21T00:47:01.643Z] 📊 Queue: 255/255 done, 0 approved, 0 executing
[2026-03-21T00:47:01.644Z] ✅ System idle - no work pending
[2026-03-21T00:47:01.650Z] Done. Issues: 0, Fixes: 0
[2026-03-21T00:48:01.502Z] --- Watchdog run ---
[2026-03-21T00:48:01.523Z] ✅ Site up
[2026-03-21T00:48:01.703Z] ✅ pm2 online
[2026-03-21T00:48:01.715Z] 📊 Queue: 255/255 done, 0 approved, 0 executing
[2026-03-21T00:48:01.715Z] ✅ System idle - no work pending
[2026-03-21T00:48:01.879Z] Done. Issues: 0, Fixes: 0
[2026-03-21T00:49:01.573Z] --- Watchdog run ---
[2026-03-21T00:49:01.595Z] ✅ Site up
[2026-03-21T00:49:01.774Z] ✅ pm2 online
[2026-03-21T00:49:01.781Z] 📊 Queue: 255/255 done, 0 approved, 0 executing
[2026-03-21T00:49:01.781Z] ✅ System idle - no work pending
[2026-03-21T00:49:01.789Z] Done. Issues: 0, Fixes: 0
[2026-03-21T00:50:01.678Z] --- Watchdog run ---
[2026-03-21T00:50:01.729Z] ✅ Site up
[2026-03-21T00:50:02.151Z] ✅ pm2 online
[2026-03-21T00:50:02.177Z] 📊 Queue: 255/255 done, 0 approved, 0 executing
[2026-03-21T00:50:02.180Z] ✅ System idle - no work pending
[2026-03-21T00:50:02.199Z] Done. Issues: 0, Fixes: 0
[2026-03-21T00:51:01.780Z] --- Watchdog run ---
[2026-03-21T00:51:01.798Z] ✅ Site up
[2026-03-21T00:51:01.973Z] ✅ pm2 online
[2026-03-21T00:51:01.981Z] 📊 Queue: 255/255 done, 0 approved, 0 executing
[2026-03-21T00:51:01.981Z] ✅ System idle - no work pending
[2026-03-21T00:51:01.987Z] Done. Issues: 0, Fixes: 0
[2026-03-21T00:52:01.861Z] --- Watchdog run ---
[2026-03-21T00:52:01.884Z] ✅ Site up
[2026-03-21T00:52:02.067Z] ✅ pm2 online
[2026-03-21T00:52:02.073Z] 📊 Queue: 255/255 done, 0 approved, 0 executing
[2026-03-21T00:52:02.074Z] ✅ System idle - no work pending
[2026-03-21T00:52:02.080Z] Done. Issues: 0, Fixes: 0
[2026-03-21T00:53:01.938Z] --- Watchdog run ---
[2026-03-21T00:53:01.961Z] ✅ Site up
[2026-03-21T00:53:02.142Z] ✅ pm2 online
[2026-03-21T00:53:02.150Z] 📊 Queue: 255/255 done, 0 approved, 0 executing
[2026-03-21T00:53:02.150Z] ✅ System idle - no work pending
[2026-03-21T00:53:02.247Z] Done. Issues: 0, Fixes: 0
[2026-03-21T00:54:02.015Z] --- Watchdog run ---
[2026-03-21T00:54:02.037Z] ✅ Site up
[2026-03-21T00:54:02.216Z] ✅ pm2 online
[2026-03-21T00:54:02.224Z] 📊 Queue: 255/255 done, 0 approved, 0 executing
[2026-03-21T00:54:02.224Z] ✅ System idle - no work pending
[2026-03-21T00:54:02.230Z] Done. Issues: 0, Fixes: 0
[2026-03-21T00:55:01.089Z] --- Watchdog run ---
[2026-03-21T00:55:01.108Z] ✅ Site up
[2026-03-21T00:55:01.278Z] ✅ pm2 online
[2026-03-21T00:55:01.286Z] 📊 Queue: 255/255 done, 0 approved, 0 executing
[2026-03-21T00:55:01.286Z] ✅ System idle - no work pending
[2026-03-21T00:55:01.291Z] Done. Issues: 0, Fixes: 0
[2026-03-21T00:56:01.165Z] --- Watchdog run ---
[2026-03-21T00:56:01.195Z] ✅ Site up
[2026-03-21T00:56:01.384Z] ✅ pm2 online
[2026-03-21T00:56:01.395Z] 📊 Queue: 255/255 done, 0 approved, 0 executing
[2026-03-21T00:56:01.395Z] ✅ System idle - no work pending
[2026-03-21T00:56:01.401Z] Done. Issues: 0, Fixes: 0
[2026-03-21T00:57:01.247Z] --- Watchdog run ---
[2026-03-21T00:57:01.267Z] ✅ Site up
[2026-03-21T00:57:01.443Z] ✅ pm2 online
[2026-03-21T00:57:01.453Z] 📊 Queue: 255/255 done, 0 approved, 0 executing
[2026-03-21T00:57:01.454Z] ✅ System idle - no work pending
[2026-03-21T00:57:01.460Z] Done. Issues: 0, Fixes: 0
[2026-03-21T00:58:01.327Z] --- Watchdog run ---
[2026-03-21T00:58:01.350Z] ✅ Site up
[2026-03-21T00:58:01.540Z] ✅ pm2 online
[2026-03-21T00:58:01.548Z] 📊 Queue: 255/255 done, 0 approved, 0 executing
[2026-03-21T00:58:01.548Z] ✅ System idle - no work pending
[2026-03-21T00:58:01.553Z] Done. Issues: 0, Fixes: 0
[2026-03-21T00:59:01.402Z] --- Watchdog run ---
[2026-03-21T00:59:01.425Z] ✅ Site up
[2026-03-21T00:59:01.623Z] ✅ pm2 online
[2026-03-21T00:59:01.630Z] 📊 Queue: 255/255 done, 0 approved, 0 executing
[2026-03-21T00:59:01.630Z] ✅ System idle - no work pending
[2026-03-21T00:59:01.756Z] Done. Issues: 0, Fixes: 0
[2026-03-21T01:00:01.491Z] --- Watchdog run ---
[2026-03-21T01:00:01.515Z] ✅ Site up
[2026-03-21T01:00:01.785Z] ✅ pm2 online
[2026-03-21T01:00:01.808Z] 📊 Queue: 255/255 done, 0 approved, 0 executing
[2026-03-21T01:00:01.809Z] ✅ System idle - no work pending
[2026-03-21T01:00:01.818Z] Done. Issues: 0, Fixes: 0
[2026-03-21T01:01:01.583Z] --- Watchdog run ---
[2026-03-21T01:01:01.607Z] ✅ Site up
[2026-03-21T01:01:01.802Z] ✅ pm2 online
[2026-03-21T01:01:01.810Z] 📊 Queue: 255/255 done, 0 approved, 0 executing
[2026-03-21T01:01:01.810Z] ✅ System idle - no work pending
[2026-03-21T01:01:01.816Z] Done. Issues: 0, Fixes: 0
[2026-03-21T01:02:01.683Z] --- Watchdog run ---
[2026-03-21T01:02:01.709Z] ✅ Site up
[2026-03-21T01:02:01.920Z] ✅ pm2 online
[2026-03-21T01:02:01.927Z] 📊 Queue: 255/255 done, 0 approved, 0 executing
[2026-03-21T01:02:01.927Z] ✅ System idle - no work pending
[2026-03-21T01:02:01.934Z] Done. Issues: 0, Fixes: 0
[2026-03-21T01:03:01.762Z] --- Watchdog run ---
[2026-03-21T01:03:01.782Z] ✅ Site up
[2026-03-21T01:03:01.995Z] ✅ pm2 online
[2026-03-21T01:03:02.005Z] 📊 Queue: 255/255 done, 0 approved, 0 executing
[2026-03-21T01:03:02.008Z] ✅ System idle - no work pending
[2026-03-21T01:03:02.017Z] Done. Issues: 0, Fixes: 0
[2026-03-21T01:04:01.842Z] --- Watchdog run ---
[2026-03-21T01:04:01.863Z] ✅ Site up
[2026-03-21T01:04:02.053Z] ✅ pm2 online
[2026-03-21T01:04:02.061Z] 📊 Queue: 255/255 done, 0 approved, 0 executing
[2026-03-21T01:04:02.062Z] ✅ System idle - no work pending
[2026-03-21T01:04:02.167Z] Done. Issues: 0, Fixes: 0
[2026-03-21T01:05:01.939Z] --- Watchdog run ---
[2026-03-21T01:05:01.980Z] ✅ Site up
[2026-03-21T01:05:02.182Z] ✅ pm2 online
[2026-03-21T01:05:02.191Z] 📊 Queue: 255/255 done, 0 approved, 0 executing
[2026-03-21T01:05:02.191Z] ✅ System idle - no work pending
[2026-03-21T01:05:02.196Z] Done. Issues: 0, Fixes: 0
[2026-03-21T01:06:02.031Z] --- Watchdog run ---
[2026-03-21T01:06:02.053Z] ✅ Site up
[2026-03-21T01:06:02.217Z] ✅ pm2 online
[2026-03-21T01:06:02.224Z] 📊 Queue: 255/255 done, 0 approved, 0 executing
[2026-03-21T01:06:02.224Z] ✅ System idle - no work pending
[2026-03-21T01:06:02.230Z] Done. Issues: 0, Fixes: 0
[2026-03-21T01:07:01.097Z] --- Watchdog run ---
[2026-03-21T01:07:01.113Z] ✅ Site up
[2026-03-21T01:07:01.254Z] ✅ pm2 online
[2026-03-21T01:07:01.261Z] 📊 Queue: 255/255 done, 0 approved, 0 executing
[2026-03-21T01:07:01.261Z] ✅ System idle - no work pending
[2026-03-21T01:07:01.266Z] Done. Issues: 0, Fixes: 0
[2026-03-21T01:08:01.162Z] --- Watchdog run ---
[2026-03-21T01:08:01.181Z] ✅ Site up
[2026-03-21T01:08:01.372Z] ✅ pm2 online
[2026-03-21T01:08:01.380Z] 📊 Queue: 255/255 done, 0 approved, 0 executing
[2026-03-21T01:08:01.380Z] ✅ System idle - no work pending
[2026-03-21T01:08:01.386Z] Done. Issues: 0, Fixes: 0
[2026-03-21T01:09:01.228Z] --- Watchdog run ---
[2026-03-21T01:09:01.246Z] ✅ Site up
[2026-03-21T01:09:01.440Z] ✅ pm2 online
[2026-03-21T01:09:01.449Z] 📊 Queue: 255/255 done, 0 approved, 0 executing
[2026-03-21T01:09:01.449Z] ✅ System idle - no work pending
[2026-03-21T01:09:01.457Z] Done. Issues: 0, Fixes: 0
[2026-03-21T01:10:01.322Z] --- Watchdog run ---
[2026-03-21T01:10:01.346Z] ✅ Site up
[2026-03-21T01:10:01.619Z] ✅ pm2 online
[2026-03-21T01:10:01.631Z] 📊 Queue: 255/255 done, 0 approved, 0 executing
[2026-03-21T01:10:01.632Z] ✅ System idle - no work pending
[2026-03-21T01:10:01.795Z] Done. Issues: 0, Fixes: 0
[2026-03-21T01:11:01.386Z] --- Watchdog run ---
[2026-03-21T01:11:01.402Z] ✅ Site up
[2026-03-21T01:11:01.543Z] ✅ pm2 online
[2026-03-21T01:11:01.549Z] 📊 Queue: 255/255 done, 0 approved, 0 executing
[2026-03-21T01:11:01.549Z] ✅ System idle - no work pending
[2026-03-21T01:11:01.555Z] Done. Issues: 0, Fixes: 0
[2026-03-21T01:12:01.451Z] --- Watchdog run ---
[2026-03-21T01:12:01.468Z] ✅ Site up
[2026-03-21T01:12:01.624Z] ✅ pm2 online
[2026-03-21T01:12:01.632Z] 📊 Queue: 255/255 done, 0 approved, 0 executing
[2026-03-21T01:12:01.633Z] ✅ System idle - no work pending
[2026-03-21T01:12:01.638Z] Done. Issues: 0, Fixes: 0
[2026-03-21T01:13:01.515Z] --- Watchdog run ---
[2026-03-21T01:13:01.533Z] ✅ Site up
[2026-03-21T01:13:01.688Z] ✅ pm2 online
[2026-03-21T01:13:01.696Z] 📊 Queue: 255/255 done, 0 approved, 0 executing
[2026-03-21T01:13:01.697Z] ✅ System idle - no work pending
[2026-03-21T01:13:01.703Z] Done. Issues: 0, Fixes: 0
[2026-03-21T01:14:01.584Z] --- Watchdog run ---
[2026-03-21T01:14:01.605Z] ✅ Site up
[2026-03-21T01:14:01.787Z] ✅ pm2 online
[2026-03-21T01:14:01.794Z] 📊 Queue: 255/255 done, 0 approved, 0 executing
[2026-03-21T01:14:01.795Z] ✅ System idle - no work pending
[2026-03-21T01:14:01.801Z] Done. Issues: 0, Fixes: 0
[2026-03-21T01:15:01.655Z] --- Watchdog run ---
[2026-03-21T01:15:01.676Z] ✅ Site up
[2026-03-21T01:15:01.859Z] ✅ pm2 online
[2026-03-21T01:15:01.867Z] 📊 Queue: 255/255 done, 0 approved, 0 executing
[2026-03-21T01:15:01.867Z] ✅ System idle - no work pending
[2026-03-21T01:15:01.964Z] Done. Issues: 0, Fixes: 0
[2026-03-21T01:16:01.743Z] --- Watchdog run ---
[2026-03-21T01:16:01.769Z] ✅ Site up
[2026-03-21T01:16:01.978Z] ✅ pm2 online
[2026-03-21T01:16:01.985Z] 📊 Queue: 255/255 done, 0 approved, 0 executing
[2026-03-21T01:16:01.985Z] ✅ System idle - no work pending
[2026-03-21T01:16:01.992Z] Done. Issues: 0, Fixes: 0
[2026-03-21T01:17:01.828Z] --- Watchdog run ---
[2026-03-21T01:17:01.852Z] ✅ Site up
[2026-03-21T01:17:02.052Z] ✅ pm2 online
[2026-03-21T01:17:02.060Z] 📊 Queue: 255/255 done, 0 approved, 0 executing
[2026-03-21T01:17:02.060Z] ✅ System idle - no work pending
[2026-03-21T01:17:02.067Z] Done. Issues: 0, Fixes: 0
[2026-03-21T01:18:01.905Z] --- Watchdog run ---
[2026-03-21T01:18:01.927Z] ✅ Site up
[2026-03-21T01:18:02.119Z] ✅ pm2 online
[2026-03-21T01:18:02.129Z] 📊 Queue: 255/255 done, 0 approved, 0 executing
[2026-03-21T01:18:02.130Z] ✅ System idle - no work pending
[2026-03-21T01:18:02.136Z] Done. Issues: 0, Fixes: 0
[2026-03-21T01:19:01.983Z] --- Watchdog run ---
[2026-03-21T01:19:02.002Z] ✅ Site up
[2026-03-21T01:19:02.186Z] ✅ pm2 online
[2026-03-21T01:19:02.193Z] 📊 Queue: 255/255 done, 0 approved, 0 executing
[2026-03-21T01:19:02.194Z] ✅ System idle - no work pending
[2026-03-21T01:19:02.200Z] Done. Issues: 0, Fixes: 0
[2026-03-21T01:20:01.055Z] --- Watchdog run ---
[2026-03-21T01:20:01.077Z] ✅ Site up
[2026-03-21T01:20:01.295Z] ✅ pm2 online
[2026-03-21T01:20:01.307Z] 📊 Queue: 255/255 done, 0 approved, 0 executing
[2026-03-21T01:20:01.307Z] ✅ System idle - no work pending
[2026-03-21T01:20:01.312Z] Done. Issues: 0, Fixes: 0
[2026-03-21T01:21:01.130Z] --- Watchdog run ---
[2026-03-21T01:21:01.151Z] ✅ Site up
[2026-03-21T01:21:01.321Z] ✅ pm2 online
[2026-03-21T01:21:01.328Z] 📊 Queue: 255/255 done, 0 approved, 0 executing
[2026-03-21T01:21:01.328Z] ✅ System idle - no work pending
[2026-03-21T01:21:01.419Z] Done. Issues: 0, Fixes: 0
[2026-03-21T01:22:01.214Z] --- Watchdog run ---
[2026-03-21T01:22:01.234Z] ✅ Site up
[2026-03-21T01:22:01.422Z] ✅ pm2 online
[2026-03-21T01:22:01.429Z] 📊 Queue: 255/255 done, 0 approved, 0 executing
[2026-03-21T01:22:01.430Z] ✅ System idle - no work pending
[2026-03-21T01:22:01.437Z] Done. Issues: 0, Fixes: 0
[2026-03-21T01:23:01.290Z] --- Watchdog run ---
[2026-03-21T01:23:01.313Z] ✅ Site up
[2026-03-21T01:23:01.507Z] ✅ pm2 online
[2026-03-21T01:23:01.515Z] 📊 Queue: 255/255 done, 0 approved, 0 executing
[2026-03-21T01:23:01.515Z] ✅ System idle - no work pending
[2026-03-21T01:23:01.521Z] Done. Issues: 0, Fixes: 0
[2026-03-21T01:24:01.373Z] --- Watchdog run ---
[2026-03-21T01:24:01.399Z] ✅ Site up
[2026-03-21T01:24:01.570Z] ✅ pm2 online
[2026-03-21T01:24:01.579Z] 📊 Queue: 255/255 done, 0 approved, 0 executing
[2026-03-21T01:24:01.579Z] ✅ System idle - no work pending
[2026-03-21T01:24:01.586Z] Done. Issues: 0, Fixes: 0
[2026-03-21T01:25:01.458Z] --- Watchdog run ---
[2026-03-21T01:25:01.476Z] ✅ Site up
[2026-03-21T01:25:01.644Z] ✅ pm2 online
[2026-03-21T01:25:01.655Z] 📊 Queue: 255/255 done, 0 approved, 0 executing
[2026-03-21T01:25:01.655Z] ✅ System idle - no work pending
[2026-03-21T01:25:01.663Z] Done. Issues: 0, Fixes: 0
[2026-03-21T01:26:01.525Z] --- Watchdog run ---
[2026-03-21T01:26:01.546Z] ✅ Site up
[2026-03-21T01:26:01.714Z] ✅ pm2 online
[2026-03-21T01:26:01.722Z] 📊 Queue: 255/255 done, 0 approved, 0 executing
[2026-03-21T01:26:01.723Z] ✅ System idle - no work pending
[2026-03-21T01:26:01.845Z] Done. Issues: 0, Fixes: 0
[2026-03-21T01:27:01.598Z] --- Watchdog run ---
[2026-03-21T01:27:01.622Z] ✅ Site up
[2026-03-21T01:27:01.805Z] ✅ pm2 online
[2026-03-21T01:27:01.813Z] 📊 Queue: 255/255 done, 0 approved, 0 executing
[2026-03-21T01:27:01.814Z] ✅ System idle - no work pending
[2026-03-21T01:27:01.820Z] Done. Issues: 0, Fixes: 0
[2026-03-21T01:28:01.669Z] --- Watchdog run ---
[2026-03-21T01:28:01.689Z] ✅ Site up
[2026-03-21T01:28:01.852Z] ✅ pm2 online
[2026-03-21T01:28:01.859Z] 📊 Queue: 255/255 done, 0 approved, 0 executing
[2026-03-21T01:28:01.860Z] ✅ System idle - no work pending
[2026-03-21T01:28:01.866Z] Done. Issues: 0, Fixes: 0
[2026-03-21T01:29:01.739Z] --- Watchdog run ---
[2026-03-21T01:29:01.760Z] ✅ Site up
[2026-03-21T01:29:01.965Z] ✅ pm2 online
[2026-03-21T01:29:01.979Z] 📊 Queue: 255/255 done, 0 approved, 0 executing
[2026-03-21T01:29:01.980Z] ✅ System idle - no work pending
[2026-03-21T01:29:01.986Z] Done. Issues: 0, Fixes: 0
[2026-03-21T01:30:01.882Z] --- Watchdog run ---
[2026-03-21T01:30:02.013Z] ✅ Site up
[2026-03-21T01:30:02.476Z] ✅ pm2 online
[2026-03-21T01:30:02.499Z] 📊 Queue: 255/255 done, 0 approved, 0 executing
[2026-03-21T01:30:02.500Z] ✅ System idle - no work pending
[2026-03-21T01:30:02.519Z] Done. Issues: 0, Fixes: 0
[2026-03-21T01:31:01.056Z] --- Watchdog run ---
[2026-03-21T01:31:01.074Z] ✅ Site up
[2026-03-21T01:31:01.220Z] ✅ pm2 online
[2026-03-21T01:31:01.228Z] 📊 Queue: 255/255 done, 0 approved, 0 executing
[2026-03-21T01:31:01.228Z] ✅ System idle - no work pending
[2026-03-21T01:31:01.233Z] Done. Issues: 0, Fixes: 0
[2026-03-21T01:32:01.136Z] --- Watchdog run ---
[2026-03-21T01:32:01.165Z] ✅ Site up
[2026-03-21T01:32:01.367Z] ✅ pm2 online
[2026-03-21T01:32:01.377Z] 📊 Queue: 255/255 done, 0 approved, 0 executing
[2026-03-21T01:32:01.377Z] ✅ System idle - no work pending
[2026-03-21T01:32:01.463Z] Done. Issues: 0, Fixes: 0
[2026-03-21T01:33:01.209Z] --- Watchdog run ---
[2026-03-21T01:33:01.227Z] ✅ Site up
[2026-03-21T01:33:01.398Z] ✅ pm2 online
[2026-03-21T01:33:01.404Z] 📊 Queue: 255/255 done, 0 approved, 0 executing
[2026-03-21T01:33:01.405Z] ✅ System idle - no work pending
[2026-03-21T01:33:01.410Z] Done. Issues: 0, Fixes: 0
[2026-03-21T01:34:01.280Z] --- Watchdog run ---
[2026-03-21T01:34:01.301Z] ✅ Site up
[2026-03-21T01:34:01.492Z] ✅ pm2 online
[2026-03-21T01:34:01.500Z] 📊 Queue: 255/255 done, 0 approved, 0 executing
[2026-03-21T01:34:01.500Z] ✅ System idle - no work pending
[2026-03-21T01:34:01.508Z] Done. Issues: 0, Fixes: 0
[2026-03-21T01:35:01.348Z] --- Watchdog run ---
[2026-03-21T01:35:01.367Z] ✅ Site up
[2026-03-21T01:35:01.555Z] ✅ pm2 online
[2026-03-21T01:35:01.562Z] 📊 Queue: 255/255 done, 0 approved, 0 executing
[2026-03-21T01:35:01.563Z] ✅ System idle - no work pending
[2026-03-21T01:35:01.569Z] Done. Issues: 0, Fixes: 0
[2026-03-21T01:36:01.421Z] --- Watchdog run ---
[2026-03-21T01:36:01.447Z] ✅ Site up
[2026-03-21T01:36:01.624Z] ✅ pm2 online
[2026-03-21T01:36:01.633Z] 📊 Queue: 255/255 done, 0 approved, 0 executing
[2026-03-21T01:36:01.633Z] ✅ System idle - no work pending
[2026-03-21T01:36:01.640Z] Done. Issues: 0, Fixes: 0
[2026-03-21T01:37:01.489Z] --- Watchdog run ---
[2026-03-21T01:37:01.506Z] ✅ Site up
[2026-03-21T01:37:01.662Z] ✅ pm2 online
[2026-03-21T01:37:01.670Z] 📊 Queue: 255/255 done, 0 approved, 0 executing
[2026-03-21T01:37:01.671Z] ✅ System idle - no work pending
[2026-03-21T01:37:01.764Z] Done. Issues: 0, Fixes: 0
[2026-03-21T01:38:01.546Z] --- Watchdog run ---
[2026-03-21T01:38:01.564Z] ✅ Site up
[2026-03-21T01:38:01.721Z] ✅ pm2 online
[2026-03-21T01:38:01.729Z] 📊 Queue: 255/255 done, 0 approved, 0 executing
[2026-03-21T01:38:01.729Z] ✅ System idle - no work pending
[2026-03-21T01:38:01.736Z] Done. Issues: 0, Fixes: 0
[2026-03-21T01:39:01.641Z] --- Watchdog run ---
[2026-03-21T01:39:01.666Z] ✅ Site up
[2026-03-21T01:39:01.863Z] ✅ pm2 online
[2026-03-21T01:39:01.873Z] 📊 Queue: 255/255 done, 0 approved, 0 executing
[2026-03-21T01:39:01.874Z] ✅ System idle - no work pending
[2026-03-21T01:39:01.881Z] Done. Issues: 0, Fixes: 0
[2026-03-21T01:40:01.768Z] --- Watchdog run ---
[2026-03-21T01:40:01.804Z] ✅ Site up
[2026-03-21T01:40:02.145Z] ✅ pm2 online
[2026-03-21T01:40:02.176Z] 📊 Queue: 255/255 done, 0 approved, 0 executing
[2026-03-21T01:40:02.178Z] ✅ System idle - no work pending
[2026-03-21T01:40:02.192Z] Done. Issues: 0, Fixes: 0
[2026-03-21T01:41:01.855Z] --- Watchdog run ---
[2026-03-21T01:41:01.873Z] ✅ Site up
[2026-03-21T01:41:02.037Z] ✅ pm2 online
[2026-03-21T01:41:02.045Z] 📊 Queue: 255/255 done, 0 approved, 0 executing
[2026-03-21T01:41:02.046Z] ✅ System idle - no work pending
[2026-03-21T01:41:02.053Z] Done. Issues: 0, Fixes: 0
[2026-03-21T01:42:01.987Z] --- Watchdog run ---
[2026-03-21T01:42:02.105Z] ✅ Site up
[2026-03-21T01:42:02.287Z] ✅ pm2 online
[2026-03-21T01:42:02.296Z] 📊 Queue: 255/255 done, 0 approved, 0 executing
[2026-03-21T01:42:02.296Z] ✅ System idle - no work pending
[2026-03-21T01:42:02.395Z] Done. Issues: 0, Fixes: 0
[2026-03-21T01:43:01.153Z] --- Watchdog run ---
[2026-03-21T01:43:01.172Z] ✅ Site up
[2026-03-21T01:43:01.349Z] ✅ pm2 online
[2026-03-21T01:43:01.358Z] 📊 Queue: 255/255 done, 0 approved, 0 executing
[2026-03-21T01:43:01.359Z] ✅ System idle - no work pending
[2026-03-21T01:43:01.365Z] Done. Issues: 0, Fixes: 0
[2026-03-21T01:44:01.235Z] --- Watchdog run ---
[2026-03-21T01:44:01.260Z] ✅ Site up
[2026-03-21T01:44:01.441Z] ✅ pm2 online
[2026-03-21T01:44:01.448Z] 📊 Queue: 255/255 done, 0 approved, 0 executing
[2026-03-21T01:44:01.448Z] ✅ System idle - no work pending
[2026-03-21T01:44:01.454Z] Done. Issues: 0, Fixes: 0
[2026-03-21T01:45:01.307Z] --- Watchdog run ---
[2026-03-21T01:45:01.327Z] ✅ Site up
[2026-03-21T01:45:01.483Z] ✅ pm2 online
[2026-03-21T01:45:01.491Z] 📊 Queue: 255/255 done, 0 approved, 0 executing
[2026-03-21T01:45:01.492Z] ✅ System idle - no work pending
[2026-03-21T01:45:01.498Z] Done. Issues: 0, Fixes: 0
